2015-01-28 09:43:04.301+0000 INFO  [o.n.k.i.DiagnosticsManager]: --- INITIALIZED diagnostics START ---
2015-01-28 09:43:04.325+0000 INFO  [o.n.k.i.DiagnosticsManager]: Neo4j Kernel properties:
2015-01-28 09:43:04.341+0000 INFO  [o.n.k.i.DiagnosticsManager]: neostore.propertystore.db.mapped_memory=323M
2015-01-28 09:43:04.341+0000 INFO  [o.n.k.i.DiagnosticsManager]: neo_store=/Users/Prashant/Downloads/neo4j-community-2.0.4/Twitter-Hashtag-Traversal/data/graph.db/neostore
2015-01-28 09:43:04.341+0000 INFO  [o.n.k.i.DiagnosticsManager]: neostore.nodestore.db.mapped_memory=89M
2015-01-28 09:43:04.342+0000 INFO  [o.n.k.i.DiagnosticsManager]: neostore.propertystore.db.strings.mapped_memory=274M
2015-01-28 09:43:04.342+0000 INFO  [o.n.k.i.DiagnosticsManager]: neo4j.ext.udc.source=server
2015-01-28 09:43:04.342+0000 INFO  [o.n.k.i.DiagnosticsManager]: store_dir=data/graph.db
2015-01-28 09:43:04.342+0000 INFO  [o.n.k.i.DiagnosticsManager]: neostore.relationshipstore.db.mapped_memory=396M
2015-01-28 09:43:04.342+0000 INFO  [o.n.k.i.DiagnosticsManager]: keep_logical_logs=true
2015-01-28 09:43:04.342+0000 INFO  [o.n.k.i.DiagnosticsManager]: neostore.propertystore.db.arrays.mapped_memory=311M
2015-01-28 09:43:04.342+0000 INFO  [o.n.k.i.DiagnosticsManager]: remote_shell_enabled=true
2015-01-28 09:43:04.342+0000 INFO  [o.n.k.i.DiagnosticsManager]: ephemeral=false
2015-01-28 09:43:04.344+0000 INFO  [o.n.k.i.DiagnosticsManager]: Diagnostics providers:
2015-01-28 09:43:04.344+0000 INFO  [o.n.k.i.DiagnosticsManager]: org.neo4j.kernel.configuration.Config
2015-01-28 09:43:04.344+0000 INFO  [o.n.k.i.DiagnosticsManager]: org.neo4j.kernel.info.DiagnosticsManager
2015-01-28 09:43:04.344+0000 INFO  [o.n.k.i.DiagnosticsManager]: SYSTEM_MEMORY
2015-01-28 09:43:04.344+0000 INFO  [o.n.k.i.DiagnosticsManager]: JAVA_MEMORY
2015-01-28 09:43:04.344+0000 INFO  [o.n.k.i.DiagnosticsManager]: OPERATING_SYSTEM
2015-01-28 09:43:04.344+0000 INFO  [o.n.k.i.DiagnosticsManager]: JAVA_VIRTUAL_MACHINE
2015-01-28 09:43:04.344+0000 INFO  [o.n.k.i.DiagnosticsManager]: CLASSPATH
2015-01-28 09:43:04.344+0000 INFO  [o.n.k.i.DiagnosticsManager]: LIBRARY_PATH
2015-01-28 09:43:04.345+0000 INFO  [o.n.k.i.DiagnosticsManager]: SYSTEM_PROPERTIES
2015-01-28 09:43:04.345+0000 INFO  [o.n.k.i.DiagnosticsManager]: NETWORK
2015-01-28 09:43:04.345+0000 INFO  [o.n.k.i.DiagnosticsManager]: System memory information:
2015-01-28 09:43:04.357+0000 INFO  [o.n.k.i.DiagnosticsManager]: Total Physical memory: 4.00 GB
2015-01-28 09:43:04.358+0000 INFO  [o.n.k.i.DiagnosticsManager]: Free Physical memory: 22.47 MB
2015-01-28 09:43:04.359+0000 INFO  [o.n.k.i.DiagnosticsManager]: Committed virtual memory: 3.60 GB
2015-01-28 09:43:04.360+0000 INFO  [o.n.k.i.DiagnosticsManager]: Total swap space: 1.00 GB
2015-01-28 09:43:04.361+0000 INFO  [o.n.k.i.DiagnosticsManager]: Free swap space: 1017.75 MB
2015-01-28 09:43:04.362+0000 INFO  [o.n.k.i.DiagnosticsManager]: JVM memory information:
2015-01-28 09:43:04.363+0000 INFO  [o.n.k.i.DiagnosticsManager]: Free  memory: 43.76 MB
2015-01-28 09:43:04.363+0000 INFO  [o.n.k.i.DiagnosticsManager]: Total memory: 61.88 MB
2015-01-28 09:43:04.363+0000 INFO  [o.n.k.i.DiagnosticsManager]: Max   memory: 990.75 MB
2015-01-28 09:43:04.655+0000 INFO  [o.n.k.i.DiagnosticsManager]: Garbage Collector: ParNew: [Par Eden Space, Par Survivor Space]
2015-01-28 09:43:04.655+0000 INFO  [o.n.k.i.DiagnosticsManager]: Garbage Collector: ConcurrentMarkSweep: [Par Eden Space, Par Survivor Space, CMS Old Gen, CMS Perm Gen]
2015-01-28 09:43:04.658+0000 INFO  [o.n.k.i.DiagnosticsManager]: Memory Pool: Code Cache (Non-heap memory): committed=2.44 MB, used=685.06 kB, max=48.00 MB, threshold=0.00 B
2015-01-28 09:43:04.659+0000 INFO  [o.n.k.i.DiagnosticsManager]: Memory Pool: Par Eden Space (Heap memory): committed=17.06 MB, used=13.26 MB, max=266.25 MB, threshold=?
2015-01-28 09:43:04.659+0000 INFO  [o.n.k.i.DiagnosticsManager]: Memory Pool: Par Survivor Space (Heap memory): committed=2.13 MB, used=2.12 MB, max=33.25 MB, threshold=?
2015-01-28 09:43:04.660+0000 INFO  [o.n.k.i.DiagnosticsManager]: Memory Pool: CMS Old Gen (Heap memory): committed=42.69 MB, used=2.73 MB, max=691.25 MB, threshold=0.00 B
2015-01-28 09:43:04.660+0000 INFO  [o.n.k.i.DiagnosticsManager]: Memory Pool: CMS Perm Gen (Non-heap memory): committed=20.75 MB, used=12.46 MB, max=82.00 MB, threshold=0.00 B
2015-01-28 09:43:04.660+0000 INFO  [o.n.k.i.DiagnosticsManager]: Operating system information:
2015-01-28 09:43:04.673+0000 INFO  [o.n.k.i.DiagnosticsManager]: Operating System: Mac OS X; version: 10.10.1; arch: x86_64; cpus: 4
2015-01-28 09:43:04.674+0000 INFO  [o.n.k.i.DiagnosticsManager]: Max number of file descriptors: 10240
2015-01-28 09:43:04.674+0000 INFO  [o.n.k.i.DiagnosticsManager]: Number of open file descriptors: 82
2015-01-28 09:43:04.675+0000 INFO  [o.n.k.i.DiagnosticsManager]: Process id: 745@Prashants-MacBook-Pro.local
2015-01-28 09:43:04.675+0000 INFO  [o.n.k.i.DiagnosticsManager]: Byte order: LITTLE_ENDIAN
2015-01-28 09:43:04.675+0000 INFO  [o.n.k.i.DiagnosticsManager]: Local timezone: America/Chicago
2015-01-28 09:43:04.675+0000 INFO  [o.n.k.i.DiagnosticsManager]: JVM information:
2015-01-28 09:43:04.675+0000 INFO  [o.n.k.i.DiagnosticsManager]: VM Name: Java HotSpot(TM) 64-Bit Server VM
2015-01-28 09:43:04.675+0000 INFO  [o.n.k.i.DiagnosticsManager]: VM Vendor: Oracle Corporation
2015-01-28 09:43:04.675+0000 INFO  [o.n.k.i.DiagnosticsManager]: VM Version: 24.71-b01
2015-01-28 09:43:04.678+0000 INFO  [o.n.k.i.DiagnosticsManager]: JIT compiler: HotSpot 64-Bit Tiered Compilers
2015-01-28 09:43:04.679+0000 INFO  [o.n.k.i.DiagnosticsManager]: VM Arguments: [-XX:+DisableExplicitGC, -Dorg.neo4j.server.properties=conf/neo4j-server.properties, -Djava.util.logging.config.file=conf/logging.properties, -Dlog4j.configuration=file:conf/log4j.properties, -XX:+UseConcMarkSweepGC, -XX:+CMSClassUnloadingEnabled, -Dneo4j.home=/Users/Prashant/Downloads/neo4j-community-2.0.4/Twitter-Hashtag-Traversal, -Dneo4j.instance=/Users/Prashant/Downloads/neo4j-community-2.0.4/Twitter-Hashtag-Traversal, -Dfile.encoding=UTF-8]
2015-01-28 09:43:04.679+0000 INFO  [o.n.k.i.DiagnosticsManager]: Java classpath:
2015-01-28 09:43:04.681+0000 INFO  [o.n.k.i.DiagnosticsManager]:  [classpath + loader.0] file:/Users/Prashant/Downloads/neo4j-community-2.0.4/Twitter-Hashtag-Traversal/system/lib/jetty-xml-9.0.5.v20130815.jar
2015-01-28 09:43:04.681+0000 INFO  [o.n.k.i.DiagnosticsManager]:  [classpath + loader.0] file:/Users/Prashant/Downloads/neo4j-community-2.0.4/Twitter-Hashtag-Traversal/system/lib/jetty-server-9.0.5.v20130815.jar
2015-01-28 09:43:04.681+0000 INFO  [o.n.k.i.DiagnosticsManager]:  [loader.1] file:/System/Library/Java/Extensions/dns_sd.jar
2015-01-28 09:43:04.681+0000 INFO  [o.n.k.i.DiagnosticsManager]:  [classpath + loader.0] file:/Users/Prashant/Downloads/neo4j-community-2.0.4/Twitter-Hashtag-Traversal/lib/neo4j-cypher-2.0.4.jar
2015-01-28 09:43:04.681+0000 INFO  [o.n.k.i.DiagnosticsManager]:  [loader.1] file:/System/Library/Java/Extensions/MRJToolkit.jar
2015-01-28 09:43:04.681+0000 INFO  [o.n.k.i.DiagnosticsManager]:  [classpath + loader.0] file:/Users/Prashant/Downloads/neo4j-community-2.0.4/Twitter-Hashtag-Traversal/lib/neo4j-graph-matching-2.0.4.jar
2015-01-28 09:43:04.681+0000 INFO  [o.n.k.i.DiagnosticsManager]:  [classpath + loader.0] file:/Users/Prashant/Downloads/neo4j-community-2.0.4/Twitter-Hashtag-Traversal/system/lib/neo4j-server-2.0.4.jar
2015-01-28 09:43:04.681+0000 INFO  [o.n.k.i.DiagnosticsManager]:  [classpath + loader.0] file:/Users/Prashant/Downloads/neo4j-community-2.0.4/Twitter-Hashtag-Traversal/system/lib/jsr311-api-1.1.2.r612.jar
2015-01-28 09:43:04.682+0000 INFO  [o.n.k.i.DiagnosticsManager]:  [classpath + loader.0] file:/Users/Prashant/Downloads/neo4j-community-2.0.4/Twitter-Hashtag-Traversal/lib/neo4j-shell-2.0.4.jar
2015-01-28 09:43:04.682+0000 INFO  [o.n.k.i.DiagnosticsManager]:  [loader.1] file:/System/Library/Java/Extensions/vecmath.jar
2015-01-28 09:43:04.682+0000 INFO  [o.n.k.i.DiagnosticsManager]:  [classpath + loader.0] file:/Users/Prashant/Downloads/neo4j-community-2.0.4/Twitter-Hashtag-Traversal/system/lib/jcl-over-slf4j-1.6.1.jar
2015-01-28 09:43:04.682+0000 INFO  [o.n.k.i.DiagnosticsManager]:  [loader.1] file:/System/Library/Java/Extensions/libmlib_jai.jnilib
2015-01-28 09:43:04.682+0000 INFO  [o.n.k.i.DiagnosticsManager]:  [loader.1] file:/Library/Java/JavaVirtualMachines/jdk1.7.0_71.jdk/Contents/Home/jre/lib/ext/sunpkcs11.jar
2015-01-28 09:43:04.682+0000 INFO  [o.n.k.i.DiagnosticsManager]:  [classpath + loader.0] file:/Users/Prashant/Downloads/neo4j-community-2.0.4/Twitter-Hashtag-Traversal/system/lib/opencsv-2.0.jar
2015-01-28 09:43:04.682+0000 INFO  [o.n.k.i.DiagnosticsManager]:  [loader.1] file:/Library/Java/JavaVirtualMachines/jdk1.7.0_71.jdk/Contents/Home/jre/lib/ext/sunec.jar
2015-01-28 09:43:04.682+0000 INFO  [o.n.k.i.DiagnosticsManager]:  [bootstrap] /Library/Java/JavaVirtualMachines/jdk1.7.0_71.jdk/Contents/Home/jre/lib/resources.jar
2015-01-28 09:43:04.682+0000 INFO  [o.n.k.i.DiagnosticsManager]:  [bootstrap] /Library/Java/JavaVirtualMachines/jdk1.7.0_71.jdk/Contents/Home/jre/classes
2015-01-28 09:43:04.682+0000 INFO  [o.n.k.i.DiagnosticsManager]:  [classpath + loader.0] file:/Users/Prashant/Downloads/neo4j-community-2.0.4/Twitter-Hashtag-Traversal/system/lib/commons-beanutils-1.8.0.jar
2015-01-28 09:43:04.682+0000 INFO  [o.n.k.i.DiagnosticsManager]:  [loader.1] file:/Library/Java/JavaVirtualMachines/jdk1.7.0_71.jdk/Contents/Home/jre/lib/ext/sunjce_provider.jar
2015-01-28 09:43:04.682+0000 INFO  [o.n.k.i.DiagnosticsManager]:  [classpath + loader.0] file:/Users/Prashant/Downloads/neo4j-community-2.0.4/Twitter-Hashtag-Traversal/system/lib/jetty-io-9.0.5.v20130815.jar
2015-01-28 09:43:04.682+0000 INFO  [o.n.k.i.DiagnosticsManager]:  [classpath + loader.0] file:/Users/Prashant/Downloads/neo4j-community-2.0.4/Twitter-Hashtag-Traversal/system/lib/bcprov-jdk16-140.jar
2015-01-28 09:43:04.682+0000 INFO  [o.n.k.i.DiagnosticsManager]:  [loader.1] file:/System/Library/Java/Extensions/libJ3D.jnilib
2015-01-28 09:43:04.682+0000 INFO  [o.n.k.i.DiagnosticsManager]:  [loader.1] file:/System/Library/Java/Extensions/mlibwrapper_jai.jar
2015-01-28 09:43:04.682+0000 INFO  [o.n.k.i.DiagnosticsManager]:  [classpath + loader.0] file:/Users/Prashant/Downloads/neo4j-community-2.0.4/Twitter-Hashtag-Traversal/system/lib/jackson-mapper-asl-1.9.7.jar
2015-01-28 09:43:04.682+0000 INFO  [o.n.k.i.DiagnosticsManager]:  [classpath + loader.0] file:/Users/Prashant/Downloads/neo4j-community-2.0.4/Twitter-Hashtag-Traversal/system/lib/commons-beanutils-core-1.8.0.jar
2015-01-28 09:43:04.682+0000 INFO  [o.n.k.i.DiagnosticsManager]:  [bootstrap] /Library/Java/JavaVirtualMachines/jdk1.7.0_71.jdk/Contents/Home/jre/lib/charsets.jar
2015-01-28 09:43:04.682+0000 INFO  [o.n.k.i.DiagnosticsManager]:  [classpath + loader.0] file:/Users/Prashant/Downloads/neo4j-community-2.0.4/Twitter-Hashtag-Traversal/system/lib/logback-access-1.0.9.jar
2015-01-28 09:43:04.683+0000 INFO  [o.n.k.i.DiagnosticsManager]:  [bootstrap] /Library/Java/JavaVirtualMachines/jdk1.7.0_71.jdk/Contents/Home/jre/lib/jce.jar
2015-01-28 09:43:04.683+0000 INFO  [o.n.k.i.DiagnosticsManager]:  [classpath + loader.0] file:/Users/Prashant/Downloads/neo4j-community-2.0.4/Twitter-Hashtag-Traversal/lib/neo4j-lucene-index-2.0.4.jar
2015-01-28 09:43:04.683+0000 INFO  [o.n.k.i.DiagnosticsManager]:  [classpath + loader.0] file:/Users/Prashant/Downloads/neo4j-community-2.0.4/Twitter-Hashtag-Traversal/conf/
2015-01-28 09:43:04.683+0000 INFO  [o.n.k.i.DiagnosticsManager]:  [classpath + loader.0] file:/Users/Prashant/Downloads/neo4j-community-2.0.4/Twitter-Hashtag-Traversal/lib/lucene-core-3.6.2.jar
2015-01-28 09:43:04.683+0000 INFO  [o.n.k.i.DiagnosticsManager]:  [loader.1] file:/System/Library/Java/Extensions/libJ3DAudio.jnilib
2015-01-28 09:43:04.683+0000 INFO  [o.n.k.i.DiagnosticsManager]:  [loader.1] file:/System/Library/Java/Extensions/libAppleScriptEngine.jnilib
2015-01-28 09:43:04.683+0000 INFO  [o.n.k.i.DiagnosticsManager]:  [classpath + loader.0] file:/Users/Prashant/Downloads/neo4j-community-2.0.4/Twitter-Hashtag-Traversal/lib/neo4j-graph-algo-2.0.4.jar
2015-01-28 09:43:04.683+0000 INFO  [o.n.k.i.DiagnosticsManager]:  [classpath + loader.0] file:/Users/Prashant/Downloads/neo4j-community-2.0.4/Twitter-Hashtag-Traversal/lib/server-api-2.0.4.jar
2015-01-28 09:43:04.683+0000 INFO  [o.n.k.i.DiagnosticsManager]:  [classpath + loader.0] file:/Users/Prashant/Downloads/neo4j-community-2.0.4/Twitter-Hashtag-Traversal/lib/neo4j-udc-2.0.4.jar
2015-01-28 09:43:04.683+0000 INFO  [o.n.k.i.DiagnosticsManager]:  [loader.1] file:/System/Library/Java/Extensions/j3daudio.jar
2015-01-28 09:43:04.683+0000 INFO  [o.n.k.i.DiagnosticsManager]:  [classpath + loader.0] file:/Users/Prashant/Downloads/neo4j-community-2.0.4/Twitter-Hashtag-Traversal/lib/parboiled-core-1.1.6.jar
2015-01-28 09:43:04.683+0000 INFO  [o.n.k.i.DiagnosticsManager]:  [classpath + loader.0] file:/Users/Prashant/Downloads/neo4j-community-2.0.4/Twitter-Hashtag-Traversal/lib/scala-library-2.10.3.jar
2015-01-28 09:43:04.683+0000 INFO  [o.n.k.i.DiagnosticsManager]:  [classpath + loader.0] file:/Users/Prashant/Downloads/neo4j-community-2.0.4/Twitter-Hashtag-Traversal/lib/neo4j-cypher-compiler-1.9-2.0.4.jar
2015-01-28 09:43:04.683+0000 INFO  [o.n.k.i.DiagnosticsManager]:  [loader.1] file:/System/Library/Java/Extensions/libJ3DUtils.jnilib
2015-01-28 09:43:04.683+0000 INFO  [o.n.k.i.DiagnosticsManager]:  [classpath + loader.0] file:/Users/Prashant/Downloads/neo4j-community-2.0.4/Twitter-Hashtag-Traversal/system/lib/rrd4j-2.0.7.jar
2015-01-28 09:43:04.683+0000 INFO  [o.n.k.i.DiagnosticsManager]:  [classpath + loader.0] file:/Users/Prashant/Downloads/neo4j-community-2.0.4/Twitter-Hashtag-Traversal/lib/concurrentlinkedhashmap-lru-1.3.1.jar
2015-01-28 09:43:04.683+0000 INFO  [o.n.k.i.DiagnosticsManager]:  [loader.1] file:/System/Library/Java/Extensions/j3dcore.jar
2015-01-28 09:43:04.683+0000 INFO  [o.n.k.i.DiagnosticsManager]:  [classpath + loader.0] file:/Users/Prashant/Downloads/neo4j-community-2.0.4/Twitter-Hashtag-Traversal/system/lib/mimepull-1.6.jar
2015-01-28 09:43:04.683+0000 INFO  [o.n.k.i.DiagnosticsManager]:  [loader.1] file:/usr/lib/java/libjdns_sd.jnilib
2015-01-28 09:43:04.683+0000 INFO  [o.n.k.i.DiagnosticsManager]:  [classpath + loader.0] file:/Users/Prashant/Downloads/neo4j-community-2.0.4/Twitter-Hashtag-Traversal/system/lib/neo4j-browser-2.0.4.jar
2015-01-28 09:43:04.683+0000 INFO  [o.n.k.i.DiagnosticsManager]:  [classpath + loader.0] file:/Users/Prashant/Downloads/neo4j-community-2.0.4/Twitter-Hashtag-Traversal/system/lib/jetty-servlet-9.0.5.v20130815.jar
2015-01-28 09:43:04.683+0000 INFO  [o.n.k.i.DiagnosticsManager]:  [classpath + loader.0] file:/Users/Prashant/Downloads/neo4j-community-2.0.4/Twitter-Hashtag-Traversal/system/lib/commons-digester-1.8.1.jar
2015-01-28 09:43:04.684+0000 INFO  [o.n.k.i.DiagnosticsManager]:  [classpath + loader.0] file:/Users/Prashant/Downloads/neo4j-community-2.0.4/Twitter-Hashtag-Traversal/lib/neo4j-cypher-commons-2.0.4.jar
2015-01-28 09:43:04.684+0000 INFO  [o.n.k.i.DiagnosticsManager]:  [classpath + loader.0] file:/Users/Prashant/Downloads/neo4j-community-2.0.4/Twitter-Hashtag-Traversal/system/lib/asm-3.1.jar
2015-01-28 09:43:04.684+0000 INFO  [o.n.k.i.DiagnosticsManager]:  [loader.1] file:/System/Library/Java/Extensions/j3dutils.jar
2015-01-28 09:43:04.684+0000 INFO  [o.n.k.i.DiagnosticsManager]:  [classpath + loader.0] file:/Users/Prashant/Downloads/neo4j-community-2.0.4/Twitter-Hashtag-Traversal/system/lib/jersey-multipart-1.9.jar
2015-01-28 09:43:04.684+0000 INFO  [o.n.k.i.DiagnosticsManager]:  [classpath + loader.0] file:/Users/Prashant/Downloads/neo4j-community-2.0.4/Twitter-Hashtag-Traversal/system/lib/jersey-core-1.9.jar
2015-01-28 09:43:04.684+0000 INFO  [o.n.k.i.DiagnosticsManager]:  [loader.1] file:/System/Library/Java/Extensions/jai_core.jar
2015-01-28 09:43:04.684+0000 INFO  [o.n.k.i.DiagnosticsManager]:  [classpath + loader.0] file:/Users/Prashant/Downloads/neo4j-community-2.0.4/Twitter-Hashtag-Traversal/lib/geronimo-jta_1.1_spec-1.1.1.jar
2015-01-28 09:43:04.684+0000 INFO  [o.n.k.i.DiagnosticsManager]:  [classpath + loader.0] file:/Users/Prashant/Downloads/neo4j-community-2.0.4/Twitter-Hashtag-Traversal/system/lib/commons-logging-1.1.1.jar
2015-01-28 09:43:04.684+0000 INFO  [o.n.k.i.DiagnosticsManager]:  [loader.1] file:/System/Library/Java/Extensions/jai_codec.jar
2015-01-28 09:43:04.684+0000 INFO  [o.n.k.i.DiagnosticsManager]:  [loader.1] file:/Library/Java/JavaVirtualMachines/jdk1.7.0_71.jdk/Contents/Home/jre/lib/ext/zipfs.jar
2015-01-28 09:43:04.684+0000 INFO  [o.n.k.i.DiagnosticsManager]:  [classpath + loader.0] file:/Users/Prashant/Downloads/neo4j-community-2.0.4/Twitter-Hashtag-Traversal/system/lib/jetty-http-9.0.5.v20130815.jar
2015-01-28 09:43:04.684+0000 INFO  [o.n.k.i.DiagnosticsManager]:  [classpath + loader.0] file:/Users/Prashant/Downloads/neo4j-community-2.0.4/Twitter-Hashtag-Traversal/system/lib/commons-compiler-2.6.1.jar
2015-01-28 09:43:04.684+0000 INFO  [o.n.k.i.DiagnosticsManager]:  [classpath + loader.0] file:/Users/Prashant/Downloads/neo4j-community-2.0.4/Twitter-Hashtag-Traversal/system/lib/jetty-webapp-9.0.5.v20130815.jar
2015-01-28 09:43:04.684+0000 INFO  [o.n.k.i.DiagnosticsManager]:  [classpath + loader.0] file:/Users/Prashant/Downloads/neo4j-community-2.0.4/Twitter-Hashtag-Traversal/system/lib/jersey-server-1.9.jar
2015-01-28 09:43:04.684+0000 INFO  [o.n.k.i.DiagnosticsManager]:  [classpath + loader.0] file:/Users/Prashant/Downloads/neo4j-community-2.0.4/Twitter-Hashtag-Traversal/system/lib/javax.servlet-3.0.0.v201112011016.jar
2015-01-28 09:43:04.684+0000 INFO  [o.n.k.i.DiagnosticsManager]:  [bootstrap] /Library/Java/JavaVirtualMachines/jdk1.7.0_71.jdk/Contents/Home/jre/lib/rt.jar
2015-01-28 09:43:04.684+0000 INFO  [o.n.k.i.DiagnosticsManager]:  [classpath + loader.0] file:/Users/Prashant/Downloads/neo4j-community-2.0.4/Twitter-Hashtag-Traversal/lib/neo4j-kernel-2.0.4.jar
2015-01-28 09:43:04.684+0000 INFO  [o.n.k.i.DiagnosticsManager]:  [bootstrap] /Library/Java/JavaVirtualMachines/jdk1.7.0_71.jdk/Contents/Home/jre/lib/jsse.jar
2015-01-28 09:43:04.684+0000 INFO  [o.n.k.i.DiagnosticsManager]:  [classpath + loader.0] file:/Users/Prashant/Downloads/neo4j-community-2.0.4/Twitter-Hashtag-Traversal/system/lib/commons-lang-2.4.jar
2015-01-28 09:43:04.684+0000 INFO  [o.n.k.i.DiagnosticsManager]:  [classpath + loader.0] file:/Users/Prashant/Downloads/neo4j-community-2.0.4/Twitter-Hashtag-Traversal/system/lib/commons-collections-3.2.1.jar
2015-01-28 09:43:04.684+0000 INFO  [o.n.k.i.DiagnosticsManager]:  [loader.1] file:/Library/Java/JavaVirtualMachines/jdk1.7.0_71.jdk/Contents/Home/jre/lib/ext/localedata.jar
2015-01-28 09:43:04.684+0000 INFO  [o.n.k.i.DiagnosticsManager]:  [classpath + loader.0] file:/Users/Prashant/Downloads/neo4j-community-2.0.4/Twitter-Hashtag-Traversal/system/lib/commons-io-1.4.jar
2015-01-28 09:43:04.684+0000 INFO  [o.n.k.i.DiagnosticsManager]:  [classpath + loader.0] file:/Users/Prashant/Downloads/neo4j-community-2.0.4/Twitter-Hashtag-Traversal/system/lib/slf4j-api-1.6.2.jar
2015-01-28 09:43:04.684+0000 INFO  [o.n.k.i.DiagnosticsManager]:  [classpath + loader.0] file:/Users/Prashant/Downloads/neo4j-community-2.0.4/Twitter-Hashtag-Traversal/system/lib/janino-2.6.1.jar
2015-01-28 09:43:04.685+0000 INFO  [o.n.k.i.DiagnosticsManager]:  [loader.1] file:/Library/Java/JavaVirtualMachines/jdk1.7.0_71.jdk/Contents/Home/jre/lib/ext/dnsns.jar
2015-01-28 09:43:04.685+0000 INFO  [o.n.k.i.DiagnosticsManager]:  [bootstrap] /Library/Java/JavaVirtualMachines/jdk1.7.0_71.jdk/Contents/Home/jre/lib/sunrsasign.jar
2015-01-28 09:43:04.685+0000 INFO  [o.n.k.i.DiagnosticsManager]:  [classpath + loader.0] file:/Users/Prashant/Downloads/neo4j-community-2.0.4/Twitter-Hashtag-Traversal/system/lib/commons-configuration-1.6.jar
2015-01-28 09:43:04.685+0000 INFO  [o.n.k.i.DiagnosticsManager]:  [classpath + loader.0] file:/Users/Prashant/Downloads/neo4j-community-2.0.4/Twitter-Hashtag-Traversal/system/lib/rhino-1.7R4.jar
2015-01-28 09:43:04.685+0000 INFO  [o.n.k.i.DiagnosticsManager]:  [classpath + loader.0] file:/Users/Prashant/Downloads/neo4j-community-2.0.4/Twitter-Hashtag-Traversal/system/lib/jetty-util-9.0.5.v20130815.jar
2015-01-28 09:43:04.685+0000 INFO  [o.n.k.i.DiagnosticsManager]:  [classpath + loader.0] file:/Users/Prashant/Downloads/neo4j-community-2.0.4/Twitter-Hashtag-Traversal/lib/org.apache.servicemix.bundles.jline-0.9.94_1.jar
2015-01-28 09:43:04.685+0000 INFO  [o.n.k.i.DiagnosticsManager]:  [bootstrap] /Library/Java/JavaVirtualMachines/jdk1.7.0_71.jdk/Contents/Home/jre/lib/jfr.jar
2015-01-28 09:43:04.685+0000 INFO  [o.n.k.i.DiagnosticsManager]:  [classpath + loader.0] file:/Users/Prashant/Downloads/neo4j-community-2.0.4/Twitter-Hashtag-Traversal/system/lib/logback-core-1.0.9.jar
2015-01-28 09:43:04.685+0000 INFO  [o.n.k.i.DiagnosticsManager]:  [classpath + loader.0] file:/Users/Prashant/Downloads/neo4j-community-2.0.4/Twitter-Hashtag-Traversal/system/lib/logback-classic-1.0.9.jar
2015-01-28 09:43:04.685+0000 INFO  [o.n.k.i.DiagnosticsManager]:  [classpath + loader.0] file:/Users/Prashant/Downloads/neo4j-community-2.0.4/Twitter-Hashtag-Traversal/system/lib/jetty-security-9.0.5.v20130815.jar
2015-01-28 09:43:04.685+0000 INFO  [o.n.k.i.DiagnosticsManager]:  [classpath + loader.0] file:/Users/Prashant/Downloads/neo4j-community-2.0.4/Twitter-Hashtag-Traversal/system/lib/jackson-core-asl-1.9.7.jar
2015-01-28 09:43:04.685+0000 INFO  [o.n.k.i.DiagnosticsManager]:  [classpath + loader.0] file:/Users/Prashant/Downloads/neo4j-community-2.0.4/Twitter-Hashtag-Traversal/lib/neo4j-cypher-compiler-2.0-2.0.4.jar
2015-01-28 09:43:04.685+0000 INFO  [o.n.k.i.DiagnosticsManager]:  [loader.1] file:/System/Library/Java/Extensions/AppleScriptEngine.jar
2015-01-28 09:43:04.685+0000 INFO  [o.n.k.i.DiagnosticsManager]:  [classpath + loader.0] file:/Users/Prashant/Downloads/neo4j-community-2.0.4/Twitter-Hashtag-Traversal/system/lib/neo4j-server-2.0.4-static-web.jar
2015-01-28 09:43:04.685+0000 INFO  [o.n.k.i.DiagnosticsManager]:  [classpath + loader.0] file:/Users/Prashant/Downloads/neo4j-community-2.0.4/Twitter-Hashtag-Traversal/system/lib/jackson-jaxrs-1.9.7.jar
2015-01-28 09:43:04.685+0000 INFO  [o.n.k.i.DiagnosticsManager]:  [classpath + loader.0] file:/Users/Prashant/Downloads/neo4j-community-2.0.4/Twitter-Hashtag-Traversal/lib/neo4j-jmx-2.0.4.jar
2015-01-28 09:43:04.685+0000 INFO  [o.n.k.i.DiagnosticsManager]:  [classpath + loader.0] file:/Users/Prashant/Downloads/neo4j-community-2.0.4/Twitter-Hashtag-Traversal/lib/parboiled-scala_2.10-1.1.6.jar
2015-01-28 09:43:04.685+0000 INFO  [o.n.k.i.DiagnosticsManager]: Library path:
2015-01-28 09:43:04.686+0000 INFO  [o.n.k.i.DiagnosticsManager]: /Users/Prashant/Library/Java/Extensions
2015-01-28 09:43:04.686+0000 INFO  [o.n.k.i.DiagnosticsManager]: /Library/Java/Extensions
2015-01-28 09:43:04.686+0000 INFO  [o.n.k.i.DiagnosticsManager]: /Network/Library/Java/Extensions
2015-01-28 09:43:04.686+0000 INFO  [o.n.k.i.DiagnosticsManager]: /System/Library/Java/Extensions
2015-01-28 09:43:04.686+0000 INFO  [o.n.k.i.DiagnosticsManager]: /usr/lib/java
2015-01-28 09:43:04.686+0000 INFO  [o.n.k.i.DiagnosticsManager]: /Users/Prashant/Downloads/neo4j-community-2.0.4/Twitter-Hashtag-Traversal
2015-01-28 09:43:04.686+0000 INFO  [o.n.k.i.DiagnosticsManager]: System.properties:
2015-01-28 09:43:04.700+0000 INFO  [o.n.k.i.DiagnosticsManager]: sun.boot.library.path = /Library/Java/JavaVirtualMachines/jdk1.7.0_71.jdk/Contents/Home/jre/lib
2015-01-28 09:43:04.701+0000 INFO  [o.n.k.i.DiagnosticsManager]: org.neo4j.server.properties = conf/neo4j-server.properties
2015-01-28 09:43:04.701+0000 INFO  [o.n.k.i.DiagnosticsManager]: gopherProxySet = false
2015-01-28 09:43:04.701+0000 INFO  [o.n.k.i.DiagnosticsManager]: path.separator = :
2015-01-28 09:43:04.701+0000 INFO  [o.n.k.i.DiagnosticsManager]: file.encoding.pkg = sun.io
2015-01-28 09:43:04.701+0000 INFO  [o.n.k.i.DiagnosticsManager]: user.country = US
2015-01-28 09:43:04.701+0000 INFO  [o.n.k.i.DiagnosticsManager]: sun.java.launcher = SUN_STANDARD
2015-01-28 09:43:04.701+0000 INFO  [o.n.k.i.DiagnosticsManager]: sun.os.patch.level = unknown
2015-01-28 09:43:04.701+0000 INFO  [o.n.k.i.DiagnosticsManager]: user.dir = /Users/Prashant/Downloads/neo4j-community-2.0.4/Twitter-Hashtag-Traversal
2015-01-28 09:43:04.701+0000 INFO  [o.n.k.i.DiagnosticsManager]: log4j.configuration = file:conf/log4j.properties
2015-01-28 09:43:04.701+0000 INFO  [o.n.k.i.DiagnosticsManager]: sun.jnu.encoding = UTF-8
2015-01-28 09:43:04.702+0000 INFO  [o.n.k.i.DiagnosticsManager]: sun.management.compiler = HotSpot 64-Bit Tiered Compilers
2015-01-28 09:43:04.702+0000 INFO  [o.n.k.i.DiagnosticsManager]: http.nonProxyHosts = local|*.local|169.254/16|*.169.254/16
2015-01-28 09:43:04.702+0000 INFO  [o.n.k.i.DiagnosticsManager]: user.home = /Users/Prashant
2015-01-28 09:43:04.702+0000 INFO  [o.n.k.i.DiagnosticsManager]: user.timezone = America/Chicago
2015-01-28 09:43:04.702+0000 INFO  [o.n.k.i.DiagnosticsManager]: file.encoding = UTF-8
2015-01-28 09:43:04.702+0000 INFO  [o.n.k.i.DiagnosticsManager]: user.name = Prashant
2015-01-28 09:43:04.702+0000 INFO  [o.n.k.i.DiagnosticsManager]: sun.java.command = org.neo4j.server.Bootstrapper
2015-01-28 09:43:04.702+0000 INFO  [o.n.k.i.DiagnosticsManager]: sun.arch.data.model = 64
2015-01-28 09:43:04.702+0000 INFO  [o.n.k.i.DiagnosticsManager]: user.language = en
2015-01-28 09:43:04.702+0000 INFO  [o.n.k.i.DiagnosticsManager]: awt.toolkit = sun.lwawt.macosx.LWCToolkit
2015-01-28 09:43:04.703+0000 INFO  [o.n.k.i.DiagnosticsManager]: file.separator = /
2015-01-28 09:43:04.703+0000 INFO  [o.n.k.i.DiagnosticsManager]: sun.io.unicode.encoding = UnicodeBig
2015-01-28 09:43:04.703+0000 INFO  [o.n.k.i.DiagnosticsManager]: sun.cpu.endian = little
2015-01-28 09:43:04.703+0000 INFO  [o.n.k.i.DiagnosticsManager]: socksNonProxyHosts = local|*.local|169.254/16|*.169.254/16
2015-01-28 09:43:04.703+0000 INFO  [o.n.k.i.DiagnosticsManager]: neo4j.instance = /Users/Prashant/Downloads/neo4j-community-2.0.4/Twitter-Hashtag-Traversal
2015-01-28 09:43:04.703+0000 INFO  [o.n.k.i.DiagnosticsManager]: ftp.nonProxyHosts = local|*.local|169.254/16|*.169.254/16
2015-01-28 09:43:04.703+0000 INFO  [o.n.k.i.DiagnosticsManager]: neo4j.home = /Users/Prashant/Downloads/neo4j-community-2.0.4/Twitter-Hashtag-Traversal
2015-01-28 09:43:04.703+0000 INFO  [o.n.k.i.DiagnosticsManager]: sun.cpu.isalist = 
2015-01-28 09:43:04.703+0000 INFO  [o.n.k.i.DiagnosticsManager]: Network information:
2015-01-28 09:43:04.720+0000 INFO  [o.n.k.i.DiagnosticsManager]: Interface en1:
2015-01-28 09:43:04.721+0000 INFO  [o.n.k.i.DiagnosticsManager]:     address: fe80:0:0:0:2acf:daff:fedb:6e4e%5
2015-01-28 09:43:04.721+0000 INFO  [o.n.k.i.DiagnosticsManager]:     address: 192.168.0.11
2015-01-28 09:43:04.721+0000 INFO  [o.n.k.i.DiagnosticsManager]: Interface lo0:
2015-01-28 09:43:04.721+0000 INFO  [o.n.k.i.DiagnosticsManager]:     address: fe80:0:0:0:0:0:0:1%1
2015-01-28 09:43:04.721+0000 INFO  [o.n.k.i.DiagnosticsManager]:     address: 0:0:0:0:0:0:0:1
2015-01-28 09:43:04.721+0000 INFO  [o.n.k.i.DiagnosticsManager]:     address: 127.0.0.1
2015-01-28 09:43:04.721+0000 INFO  [o.n.k.i.DiagnosticsManager]: --- INITIALIZED diagnostics END ---
2015-01-28 09:43:06.280+0000 INFO  [o.n.k.i.n.s.StoreFactory]: Creating new db @ /Users/Prashant/Downloads/neo4j-community-2.0.4/Twitter-Hashtag-Traversal/data/graph.db/neostore
2015-01-28 09:43:06.534+0000 INFO  [o.n.k.i.n.s.StoreFactory]: [/Users/Prashant/Downloads/neo4j-community-2.0.4/Twitter-Hashtag-Traversal/data/graph.db/neostore.relationshiptypestore.db.names] brickCount=0 brickSize=0b mappedMem=0b (storeSize=38b)
2015-01-28 09:43:06.539+0000 INFO  [o.n.k.i.n.s.StoreFactory]: [/Users/Prashant/Downloads/neo4j-community-2.0.4/Twitter-Hashtag-Traversal/data/graph.db/neostore.relationshiptypestore.db] brickCount=0 brickSize=0b mappedMem=0b (storeSize=0b)
2015-01-28 09:43:06.539+0000 INFO  [o.n.k.i.n.s.StoreFactory]: /Users/Prashant/Downloads/neo4j-community-2.0.4/Twitter-Hashtag-Traversal/data/graph.db/neostore.relationshiptypestore.db.names hit=0 miss=0 switches=0 ooe=0
2015-01-28 09:43:06.541+0000 INFO  [o.n.k.i.n.s.StoreFactory]: /Users/Prashant/Downloads/neo4j-community-2.0.4/Twitter-Hashtag-Traversal/data/graph.db/neostore.relationshiptypestore.db hit=0 miss=0 switches=0 ooe=0
2015-01-28 09:43:06.546+0000 INFO  [o.n.k.i.n.s.StoreFactory]: [/Users/Prashant/Downloads/neo4j-community-2.0.4/Twitter-Hashtag-Traversal/data/graph.db/neostore.labeltokenstore.db.names] brickCount=0 brickSize=0b mappedMem=0b (storeSize=38b)
2015-01-28 09:43:06.547+0000 INFO  [o.n.k.i.n.s.StoreFactory]: [/Users/Prashant/Downloads/neo4j-community-2.0.4/Twitter-Hashtag-Traversal/data/graph.db/neostore.labeltokenstore.db] brickCount=0 brickSize=0b mappedMem=0b (storeSize=0b)
2015-01-28 09:43:06.547+0000 INFO  [o.n.k.i.n.s.StoreFactory]: /Users/Prashant/Downloads/neo4j-community-2.0.4/Twitter-Hashtag-Traversal/data/graph.db/neostore.labeltokenstore.db.names hit=0 miss=0 switches=0 ooe=0
2015-01-28 09:43:06.548+0000 INFO  [o.n.k.i.n.s.StoreFactory]: /Users/Prashant/Downloads/neo4j-community-2.0.4/Twitter-Hashtag-Traversal/data/graph.db/neostore.labeltokenstore.db hit=0 miss=0 switches=0 ooe=0
2015-01-28 09:43:06.554+0000 INFO  [o.n.k.i.n.s.StoreFactory]: [/Users/Prashant/Downloads/neo4j-community-2.0.4/Twitter-Hashtag-Traversal/data/graph.db/neostore.relationshiptypestore.db.names] brickCount=0 brickSize=0b mappedMem=0b (storeSize=38b)
2015-01-28 09:43:06.555+0000 INFO  [o.n.k.i.n.s.StoreFactory]: [/Users/Prashant/Downloads/neo4j-community-2.0.4/Twitter-Hashtag-Traversal/data/graph.db/neostore.relationshiptypestore.db] brickCount=0 brickSize=0b mappedMem=0b (storeSize=0b)
2015-01-28 09:43:06.555+0000 INFO  [o.n.k.i.n.s.StoreFactory]: [/Users/Prashant/Downloads/neo4j-community-2.0.4/Twitter-Hashtag-Traversal/data/graph.db/neostore.labeltokenstore.db.names] brickCount=0 brickSize=0b mappedMem=0b (storeSize=38b)
2015-01-28 09:43:06.555+0000 INFO  [o.n.k.i.n.s.StoreFactory]: [/Users/Prashant/Downloads/neo4j-community-2.0.4/Twitter-Hashtag-Traversal/data/graph.db/neostore.labeltokenstore.db] brickCount=0 brickSize=0b mappedMem=0b (storeSize=0b)
2015-01-28 09:43:06.556+0000 INFO  [o.n.k.i.n.s.StoreFactory]: [/Users/Prashant/Downloads/neo4j-community-2.0.4/Twitter-Hashtag-Traversal/data/graph.db/neostore.propertystore.db.strings] brickCount=0 brickSize=287232b mappedMem=287309824b (storeSize=128b)
2015-01-28 09:43:06.556+0000 INFO  [o.n.k.i.n.s.StoreFactory]: [/Users/Prashant/Downloads/neo4j-community-2.0.4/Twitter-Hashtag-Traversal/data/graph.db/neostore.propertystore.db.index.keys] brickCount=0 brickSize=0b mappedMem=0b (storeSize=38b)
2015-01-28 09:43:06.557+0000 INFO  [o.n.k.i.n.s.StoreFactory]: [/Users/Prashant/Downloads/neo4j-community-2.0.4/Twitter-Hashtag-Traversal/data/graph.db/neostore.propertystore.db.index] brickCount=0 brickSize=0b mappedMem=0b (storeSize=0b)
2015-01-28 09:43:06.558+0000 INFO  [o.n.k.i.n.s.StoreFactory]: [/Users/Prashant/Downloads/neo4j-community-2.0.4/Twitter-Hashtag-Traversal/data/graph.db/neostore.propertystore.db.arrays] brickCount=0 brickSize=326016b mappedMem=326107136b (storeSize=128b)
2015-01-28 09:43:06.561+0000 INFO  [o.n.k.i.n.s.StoreFactory]: [/Users/Prashant/Downloads/neo4j-community-2.0.4/Twitter-Hashtag-Traversal/data/graph.db/neostore.propertystore.db] brickCount=0 brickSize=3386887b mappedMem=338690048b (storeSize=0b)
2015-01-28 09:43:06.583+0000 INFO  [o.n.k.i.n.s.StoreFactory]: [/Users/Prashant/Downloads/neo4j-community-2.0.4/Twitter-Hashtag-Traversal/data/graph.db/neostore.relationshipstore.db] brickCount=0 brickSize=4152357b mappedMem=415236096b (storeSize=0b)
2015-01-28 09:43:06.583+0000 INFO  [o.n.k.i.n.s.StoreFactory]: [/Users/Prashant/Downloads/neo4j-community-2.0.4/Twitter-Hashtag-Traversal/data/graph.db/neostore.nodestore.db.labels] brickCount=0 brickSize=0b mappedMem=0b (storeSize=68b)
2015-01-28 09:43:06.586+0000 INFO  [o.n.k.i.n.s.StoreFactory]: [/Users/Prashant/Downloads/neo4j-community-2.0.4/Twitter-Hashtag-Traversal/data/graph.db/neostore.nodestore.db] brickCount=0 brickSize=933226b mappedMem=93323264b (storeSize=0b)
2015-01-28 09:43:06.586+0000 INFO  [o.n.k.i.n.s.StoreFactory]: [/Users/Prashant/Downloads/neo4j-community-2.0.4/Twitter-Hashtag-Traversal/data/graph.db/neostore.schemastore.db] brickCount=0 brickSize=0b mappedMem=0b (storeSize=64b)
2015-01-28 09:43:06.587+0000 INFO  [o.n.k.i.n.s.StoreFactory]: [/Users/Prashant/Downloads/neo4j-community-2.0.4/Twitter-Hashtag-Traversal/data/graph.db/neostore] brickCount=0 brickSize=0b mappedMem=0b (storeSize=0b)
2015-01-28 09:43:06.593+0000 INFO  [o.n.k.i.n.s.StoreFactory]: /Users/Prashant/Downloads/neo4j-community-2.0.4/Twitter-Hashtag-Traversal/data/graph.db/neostore.relationshiptypestore.db.names hit=0 miss=0 switches=0 ooe=0
2015-01-28 09:43:06.594+0000 INFO  [o.n.k.i.n.s.StoreFactory]: /Users/Prashant/Downloads/neo4j-community-2.0.4/Twitter-Hashtag-Traversal/data/graph.db/neostore.relationshiptypestore.db hit=0 miss=0 switches=0 ooe=0
2015-01-28 09:43:06.595+0000 INFO  [o.n.k.i.n.s.StoreFactory]: /Users/Prashant/Downloads/neo4j-community-2.0.4/Twitter-Hashtag-Traversal/data/graph.db/neostore.labeltokenstore.db.names hit=0 miss=0 switches=0 ooe=0
2015-01-28 09:43:06.596+0000 INFO  [o.n.k.i.n.s.StoreFactory]: /Users/Prashant/Downloads/neo4j-community-2.0.4/Twitter-Hashtag-Traversal/data/graph.db/neostore.labeltokenstore.db hit=0 miss=0 switches=0 ooe=0
2015-01-28 09:43:06.597+0000 INFO  [o.n.k.i.n.s.StoreFactory]: /Users/Prashant/Downloads/neo4j-community-2.0.4/Twitter-Hashtag-Traversal/data/graph.db/neostore.propertystore.db.strings hit=0 miss=0 switches=0 ooe=0
2015-01-28 09:43:06.599+0000 INFO  [o.n.k.i.n.s.StoreFactory]: /Users/Prashant/Downloads/neo4j-community-2.0.4/Twitter-Hashtag-Traversal/data/graph.db/neostore.propertystore.db.index.keys hit=0 miss=0 switches=0 ooe=0
2015-01-28 09:43:06.600+0000 INFO  [o.n.k.i.n.s.StoreFactory]: /Users/Prashant/Downloads/neo4j-community-2.0.4/Twitter-Hashtag-Traversal/data/graph.db/neostore.propertystore.db.index hit=0 miss=0 switches=0 ooe=0
2015-01-28 09:43:06.602+0000 INFO  [o.n.k.i.n.s.StoreFactory]: /Users/Prashant/Downloads/neo4j-community-2.0.4/Twitter-Hashtag-Traversal/data/graph.db/neostore.propertystore.db.arrays hit=0 miss=0 switches=0 ooe=0
2015-01-28 09:43:06.603+0000 INFO  [o.n.k.i.n.s.StoreFactory]: /Users/Prashant/Downloads/neo4j-community-2.0.4/Twitter-Hashtag-Traversal/data/graph.db/neostore.propertystore.db hit=0 miss=0 switches=0 ooe=0
2015-01-28 09:43:06.605+0000 INFO  [o.n.k.i.n.s.StoreFactory]: /Users/Prashant/Downloads/neo4j-community-2.0.4/Twitter-Hashtag-Traversal/data/graph.db/neostore.relationshipstore.db hit=0 miss=0 switches=0 ooe=0
2015-01-28 09:43:06.606+0000 INFO  [o.n.k.i.n.s.StoreFactory]: /Users/Prashant/Downloads/neo4j-community-2.0.4/Twitter-Hashtag-Traversal/data/graph.db/neostore.nodestore.db.labels hit=0 miss=0 switches=0 ooe=0
2015-01-28 09:43:06.608+0000 INFO  [o.n.k.i.n.s.StoreFactory]: /Users/Prashant/Downloads/neo4j-community-2.0.4/Twitter-Hashtag-Traversal/data/graph.db/neostore.nodestore.db hit=0 miss=0 switches=0 ooe=0
2015-01-28 09:43:06.609+0000 INFO  [o.n.k.i.n.s.StoreFactory]: /Users/Prashant/Downloads/neo4j-community-2.0.4/Twitter-Hashtag-Traversal/data/graph.db/neostore.schemastore.db hit=0 miss=0 switches=0 ooe=0
2015-01-28 09:43:06.611+0000 INFO  [o.n.k.i.n.s.StoreFactory]: /Users/Prashant/Downloads/neo4j-community-2.0.4/Twitter-Hashtag-Traversal/data/graph.db/neostore hit=0 miss=8 switches=0 ooe=0
2015-01-28 09:43:06.679+0000 INFO  [o.n.k.i.n.s.StoreFactory]: [/Users/Prashant/Downloads/neo4j-community-2.0.4/Twitter-Hashtag-Traversal/data/graph.db/neostore.relationshiptypestore.db.names] brickCount=0 brickSize=0b mappedMem=0b (storeSize=38b)
2015-01-28 09:43:06.680+0000 INFO  [o.n.k.i.n.s.StoreFactory]: [/Users/Prashant/Downloads/neo4j-community-2.0.4/Twitter-Hashtag-Traversal/data/graph.db/neostore.relationshiptypestore.db] brickCount=0 brickSize=0b mappedMem=0b (storeSize=0b)
2015-01-28 09:43:06.681+0000 INFO  [o.n.k.i.n.s.StoreFactory]: [/Users/Prashant/Downloads/neo4j-community-2.0.4/Twitter-Hashtag-Traversal/data/graph.db/neostore.labeltokenstore.db.names] brickCount=0 brickSize=0b mappedMem=0b (storeSize=38b)
2015-01-28 09:43:06.682+0000 INFO  [o.n.k.i.n.s.StoreFactory]: [/Users/Prashant/Downloads/neo4j-community-2.0.4/Twitter-Hashtag-Traversal/data/graph.db/neostore.labeltokenstore.db] brickCount=0 brickSize=0b mappedMem=0b (storeSize=0b)
2015-01-28 09:43:06.683+0000 INFO  [o.n.k.i.n.s.StoreFactory]: [/Users/Prashant/Downloads/neo4j-community-2.0.4/Twitter-Hashtag-Traversal/data/graph.db/neostore.propertystore.db.strings] brickCount=0 brickSize=287232b mappedMem=287309824b (storeSize=128b)
2015-01-28 09:43:06.684+0000 INFO  [o.n.k.i.n.s.StoreFactory]: [/Users/Prashant/Downloads/neo4j-community-2.0.4/Twitter-Hashtag-Traversal/data/graph.db/neostore.propertystore.db.index.keys] brickCount=0 brickSize=0b mappedMem=0b (storeSize=38b)
2015-01-28 09:43:06.685+0000 INFO  [o.n.k.i.n.s.StoreFactory]: [/Users/Prashant/Downloads/neo4j-community-2.0.4/Twitter-Hashtag-Traversal/data/graph.db/neostore.propertystore.db.index] brickCount=0 brickSize=0b mappedMem=0b (storeSize=0b)
2015-01-28 09:43:06.686+0000 INFO  [o.n.k.i.n.s.StoreFactory]: [/Users/Prashant/Downloads/neo4j-community-2.0.4/Twitter-Hashtag-Traversal/data/graph.db/neostore.propertystore.db.arrays] brickCount=0 brickSize=326016b mappedMem=326107136b (storeSize=128b)
2015-01-28 09:43:06.687+0000 INFO  [o.n.k.i.n.s.StoreFactory]: [/Users/Prashant/Downloads/neo4j-community-2.0.4/Twitter-Hashtag-Traversal/data/graph.db/neostore.propertystore.db] brickCount=0 brickSize=3386887b mappedMem=338690048b (storeSize=0b)
2015-01-28 09:43:06.688+0000 INFO  [o.n.k.i.n.s.StoreFactory]: [/Users/Prashant/Downloads/neo4j-community-2.0.4/Twitter-Hashtag-Traversal/data/graph.db/neostore.relationshipstore.db] brickCount=0 brickSize=4152357b mappedMem=415236096b (storeSize=0b)
2015-01-28 09:43:06.689+0000 INFO  [o.n.k.i.n.s.StoreFactory]: [/Users/Prashant/Downloads/neo4j-community-2.0.4/Twitter-Hashtag-Traversal/data/graph.db/neostore.nodestore.db.labels] brickCount=0 brickSize=0b mappedMem=0b (storeSize=68b)
2015-01-28 09:43:06.690+0000 INFO  [o.n.k.i.n.s.StoreFactory]: [/Users/Prashant/Downloads/neo4j-community-2.0.4/Twitter-Hashtag-Traversal/data/graph.db/neostore.nodestore.db] brickCount=0 brickSize=933226b mappedMem=93323264b (storeSize=0b)
2015-01-28 09:43:06.691+0000 INFO  [o.n.k.i.n.s.StoreFactory]: [/Users/Prashant/Downloads/neo4j-community-2.0.4/Twitter-Hashtag-Traversal/data/graph.db/neostore.schemastore.db] brickCount=0 brickSize=0b mappedMem=0b (storeSize=64b)
2015-01-28 09:43:06.692+0000 INFO  [o.n.k.i.n.s.StoreFactory]: [/Users/Prashant/Downloads/neo4j-community-2.0.4/Twitter-Hashtag-Traversal/data/graph.db/neostore] brickCount=0 brickSize=0b mappedMem=0b (storeSize=63b)
2015-01-28 09:43:06.910+0000 INFO  [o.n.k.a.i.i.LuceneLabelScanStore]: No lucene scan store index found, this might just be first use. Preparing to rebuild.
2015-01-28 09:43:07.553+0000 INFO  [o.n.k.a.i.i.LuceneLabelScanStore]: No lucene scan store index found, this might just be first use. Preparing to rebuild.
2015-01-28 09:43:08.064+0000 INFO  [o.n.k.i.t.x.XaLogicalLog]: Opened logical log [data/graph.db/nioneo_logical.log.1] version=0, lastTxId=1 (clean)
2015-01-28 09:43:08.097+0000 INFO  [o.n.k.a.i.i.LuceneLabelScanStore]: Rebuilding lucene scan store, this may take a while
2015-01-28 09:43:08.100+0000 INFO  [o.n.k.a.i.i.LuceneLabelScanStore]: Lucene scan store rebuilt (roughly -1 nodes)
2015-01-28 09:43:08.110+0000 INFO  [o.n.k.i.t.TxManager]: TM new log: tm_tx_log.1
2015-01-28 09:43:08.136+0000 INFO  [o.n.k.i.t.KernelHealth]: Kernel health set to OK
2015-01-28 09:43:09.513+0000 INFO  [o.n.k.i.t.x.XaLogicalLog]: Opened logical log [data/graph.db/index/lucene.log.1] version=0, lastTxId=1 (clean)
2015-01-28 09:43:09.547+0000 INFO  [o.n.k.i.DiagnosticsManager]: --- STARTED diagnostics for KernelDiagnostics:Versions START ---
2015-01-28 09:43:09.547+0000 INFO  [o.n.k.i.DiagnosticsManager]: Graph Database: org.neo4j.kernel.EmbeddedGraphDatabase StoreId[time:1422438186301, id:-827014579287597956, store version: 13843131341501958]
2015-01-28 09:43:09.547+0000 INFO  [o.n.k.i.DiagnosticsManager]: Kernel version: Neo4j - Graph Database Kernel (neo4j-kernel), version: 2.0.4
2015-01-28 09:43:09.547+0000 INFO  [o.n.k.i.DiagnosticsManager]: Neo4j component versions:
2015-01-28 09:43:09.691+0000 INFO  [o.n.k.i.DiagnosticsManager]:   Neo4j - Lucene Index (neo4j-lucene-index), version: 2.0.4; revision: 2.0.4:2.0-maint:130/4a7d10bc274a5d26a180bbe9df25100e8a694748
2015-01-28 09:43:09.691+0000 INFO  [o.n.k.i.DiagnosticsManager]:   Neo4j - JMX support (neo4j-jmx), version: 2.0.4; revision: 2.0.4:2.0-maint:130/4a7d10bc274a5d26a180bbe9df25100e8a694748
2015-01-28 09:43:09.691+0000 INFO  [o.n.k.i.DiagnosticsManager]:   Neo4j - Graph Matching (neo4j-graph-matching), version: 2.0.4; revision: 2.0.4:2.0-maint:130/4a7d10bc274a5d26a180bbe9df25100e8a694748
2015-01-28 09:43:09.691+0000 INFO  [o.n.k.i.DiagnosticsManager]:   Neo4j Server API (server-api), version: 2.0.4; revision: 2.0.4:2.0-maint:130/4a7d10bc274a5d26a180bbe9df25100e8a694748
2015-01-28 09:43:09.692+0000 INFO  [o.n.k.i.DiagnosticsManager]:   Neo4j - Graph Database Kernel (neo4j-kernel), version: 2.0.4; revision: 2.0.4:2.0-maint:130/4a7d10bc274a5d26a180bbe9df25100e8a694748
2015-01-28 09:43:09.692+0000 INFO  [o.n.k.i.DiagnosticsManager]:   Neo4j - Cypher (neo4j-cypher), version: 2.0.4; revision: 2.0.4:2.0-maint:130/4a7d10bc274a5d26a180bbe9df25100e8a694748
2015-01-28 09:43:09.692+0000 INFO  [o.n.k.i.DiagnosticsManager]:   Neo4j Server (neo4j-server), version: 2.0.4; revision: 2.0.4:2.0-maint:130/4a7d10bc274a5d26a180bbe9df25100e8a694748
2015-01-28 09:43:09.692+0000 INFO  [o.n.k.i.DiagnosticsManager]:   Neo4j - Graph Algorithms (neo4j-graph-algo), version: 2.0.4; revision: 2.0.4:2.0-maint:130/4a7d10bc274a5d26a180bbe9df25100e8a694748
2015-01-28 09:43:09.692+0000 INFO  [o.n.k.i.DiagnosticsManager]:   Neo4j - Cypher Compiler 2.0 (neo4j-cypher-compiler-2.0), version: 2.0.4; revision: 2.0.4:2.0-maint:130/4a7d10bc274a5d26a180bbe9df25100e8a694748
2015-01-28 09:43:09.692+0000 INFO  [o.n.k.i.DiagnosticsManager]:   Neo4j - Generic shell (neo4j-shell), version: 2.0.4; revision: 2.0.4:2.0-maint:130/4a7d10bc274a5d26a180bbe9df25100e8a694748
2015-01-28 09:43:09.692+0000 INFO  [o.n.k.i.DiagnosticsManager]:   Neo4j - Cypher Compiler 1.9 (neo4j-cypher-compiler-1.9), version: 2.0.4; revision: 2.0.4:2.0-maint:130/4a7d10bc274a5d26a180bbe9df25100e8a694748
2015-01-28 09:43:09.692+0000 INFO  [o.n.k.i.DiagnosticsManager]:   neo4j-udc, version: 2.0.4; revision: 2.0.4:2.0-maint:130/4a7d10bc274a5d26a180bbe9df25100e8a694748
2015-01-28 09:43:09.692+0000 INFO  [o.n.k.i.DiagnosticsManager]:   Neo4j - Cypher Commons (neo4j-cypher-commons), version: 2.0.4; revision: 2.0.4:2.0-maint:130/4a7d10bc274a5d26a180bbe9df25100e8a694748
2015-01-28 09:43:09.692+0000 INFO  [o.n.k.i.DiagnosticsManager]: --- STARTED diagnostics for KernelDiagnostics:Versions END ---
2015-01-28 09:43:09.726+0000 INFO  [o.n.k.i.DiagnosticsManager]: --- STARTED diagnostics for NEO_STORE_VERSIONS START ---
2015-01-28 09:43:09.726+0000 INFO  [o.n.k.i.DiagnosticsManager]: Store versions:
2015-01-28 09:43:09.727+0000 INFO  [o.n.k.i.DiagnosticsManager]: Store versions:
2015-01-28 09:43:09.727+0000 INFO  [o.n.k.i.DiagnosticsManager]:   NeoStore v0.A.1
2015-01-28 09:43:09.727+0000 INFO  [o.n.k.i.DiagnosticsManager]:   SchemaStore v0.A.1
2015-01-28 09:43:09.727+0000 INFO  [o.n.k.i.DiagnosticsManager]:   NodeStore v0.A.1
2015-01-28 09:43:09.727+0000 INFO  [o.n.k.i.DiagnosticsManager]:   RelationshipStore v0.A.1
2015-01-28 09:43:09.727+0000 INFO  [o.n.k.i.DiagnosticsManager]:   RelationshipTypeStore v0.A.1
2015-01-28 09:43:09.728+0000 INFO  [o.n.k.i.DiagnosticsManager]:   LabelTokenStore v0.A.1
2015-01-28 09:43:09.728+0000 INFO  [o.n.k.i.DiagnosticsManager]:   PropertyStore v0.A.1
2015-01-28 09:43:09.728+0000 INFO  [o.n.k.i.DiagnosticsManager]:   PropertyIndexStore v0.A.1
2015-01-28 09:43:09.728+0000 INFO  [o.n.k.i.DiagnosticsManager]:   StringPropertyStore v0.A.1
2015-01-28 09:43:09.728+0000 INFO  [o.n.k.i.DiagnosticsManager]:   ArrayPropertyStore v0.A.1
2015-01-28 09:43:09.728+0000 INFO  [o.n.k.i.DiagnosticsManager]: --- STARTED diagnostics for NEO_STORE_VERSIONS END ---
2015-01-28 09:43:09.728+0000 INFO  [o.n.k.i.DiagnosticsManager]: --- STARTED diagnostics for NEO_STORE_ID_USAGE START ---
2015-01-28 09:43:09.728+0000 INFO  [o.n.k.i.DiagnosticsManager]: Id usage:
2015-01-28 09:43:09.728+0000 INFO  [o.n.k.i.DiagnosticsManager]: Id usage:
2015-01-28 09:43:09.729+0000 INFO  [o.n.k.i.DiagnosticsManager]:   SchemaStore: used=1 high=0
2015-01-28 09:43:09.729+0000 INFO  [o.n.k.i.DiagnosticsManager]:   NodeStore: used=0 high=-1
2015-01-28 09:43:09.729+0000 INFO  [o.n.k.i.DiagnosticsManager]:   RelationshipStore: used=0 high=-1
2015-01-28 09:43:09.730+0000 INFO  [o.n.k.i.DiagnosticsManager]:   RelationshipTypeStore: used=0 high=-1
2015-01-28 09:43:09.730+0000 INFO  [o.n.k.i.DiagnosticsManager]:   LabelTokenStore: used=0 high=-1
2015-01-28 09:43:09.730+0000 INFO  [o.n.k.i.DiagnosticsManager]:   PropertyStore: used=0 high=-1
2015-01-28 09:43:09.730+0000 INFO  [o.n.k.i.DiagnosticsManager]:   PropertyIndexStore: used=0 high=-1
2015-01-28 09:43:09.731+0000 INFO  [o.n.k.i.DiagnosticsManager]:   StringPropertyStore: used=1 high=0
2015-01-28 09:43:09.731+0000 INFO  [o.n.k.i.DiagnosticsManager]:   ArrayPropertyStore: used=1 high=0
2015-01-28 09:43:09.731+0000 INFO  [o.n.k.i.DiagnosticsManager]: --- STARTED diagnostics for NEO_STORE_ID_USAGE END ---
2015-01-28 09:43:09.731+0000 INFO  [o.n.k.i.DiagnosticsManager]: --- STARTED diagnostics for PERSISTENCE_WINDOW_POOL_STATS START ---
2015-01-28 09:43:09.731+0000 INFO  [o.n.k.i.DiagnosticsManager]: --- STARTED diagnostics for PERSISTENCE_WINDOW_POOL_STATS END ---
2015-01-28 09:43:09.732+0000 INFO  [o.n.k.i.DiagnosticsManager]: --- STARTED diagnostics for KernelDiagnostics:StoreFiles START ---
2015-01-28 09:43:09.732+0000 INFO  [o.n.k.i.DiagnosticsManager]: Disk space on partition (Total / Free / Free %): 318850990080 / 216785342464 / 67
Storage files: (filename : modification date - size)
2015-01-28 09:43:09.733+0000 INFO  [o.n.k.i.DiagnosticsManager]:   active_tx_log: 2015-01-28T03:43:08-0600 - 11.00 B
2015-01-28 09:43:09.733+0000 INFO  [o.n.k.i.DiagnosticsManager]:   index:
2015-01-28 09:43:09.733+0000 INFO  [o.n.k.i.DiagnosticsManager]:     lucene-store.db: 2015-01-28T03:43:09-0600 - 40.00 B
2015-01-28 09:43:09.734+0000 INFO  [o.n.k.i.DiagnosticsManager]:     lucene.log.1: 2015-01-28T03:43:09-0600 - 16.00 B
2015-01-28 09:43:09.734+0000 INFO  [o.n.k.i.DiagnosticsManager]:     lucene.log.active: 2015-01-28T03:43:09-0600 - 4.00 B
2015-01-28 09:43:09.735+0000 INFO  [o.n.k.i.DiagnosticsManager]:   - Total: 2015-01-28T03:43:09-0600 - 60.00 B
2015-01-28 09:43:09.735+0000 INFO  [o.n.k.i.DiagnosticsManager]:   lock: 2015-01-28T03:43:06-0600 - 0.00 B
2015-01-28 09:43:09.736+0000 INFO  [o.n.k.i.DiagnosticsManager]:   messages.log: 2015-01-28T03:43:09-0600 - 46.24 kB
2015-01-28 09:43:09.736+0000 INFO  [o.n.k.i.DiagnosticsManager]:   neostore: 2015-01-28T03:43:06-0600 - 63.00 B
2015-01-28 09:43:09.736+0000 INFO  [o.n.k.i.DiagnosticsManager]:   neostore.id: 2015-01-28T03:43:06-0600 - 9.00 B
2015-01-28 09:43:09.736+0000 INFO  [o.n.k.i.DiagnosticsManager]:   neostore.labeltokenstore.db: 2015-01-28T03:43:06-0600 - 0.00 B
2015-01-28 09:43:09.737+0000 INFO  [o.n.k.i.DiagnosticsManager]:   neostore.labeltokenstore.db.id: 2015-01-28T03:43:06-0600 - 9.00 B
2015-01-28 09:43:09.737+0000 INFO  [o.n.k.i.DiagnosticsManager]:   neostore.labeltokenstore.db.names: 2015-01-28T03:43:06-0600 - 38.00 B
2015-01-28 09:43:09.737+0000 INFO  [o.n.k.i.DiagnosticsManager]:   neostore.labeltokenstore.db.names.id: 2015-01-28T03:43:06-0600 - 9.00 B
2015-01-28 09:43:09.738+0000 INFO  [o.n.k.i.DiagnosticsManager]:   neostore.nodestore.db: 2015-01-28T03:43:06-0600 - 0.00 B
2015-01-28 09:43:09.738+0000 INFO  [o.n.k.i.DiagnosticsManager]:   neostore.nodestore.db.id: 2015-01-28T03:43:06-0600 - 9.00 B
2015-01-28 09:43:09.738+0000 INFO  [o.n.k.i.DiagnosticsManager]:   neostore.nodestore.db.labels: 2015-01-28T03:43:06-0600 - 68.00 B
2015-01-28 09:43:09.739+0000 INFO  [o.n.k.i.DiagnosticsManager]:   neostore.nodestore.db.labels.id: 2015-01-28T03:43:06-0600 - 9.00 B
2015-01-28 09:43:09.739+0000 INFO  [o.n.k.i.DiagnosticsManager]:   neostore.propertystore.db: 2015-01-28T03:43:06-0600 - 0.00 B
2015-01-28 09:43:09.739+0000 INFO  [o.n.k.i.DiagnosticsManager]:   neostore.propertystore.db.arrays: 2015-01-28T03:43:06-0600 - 128.00 B
2015-01-28 09:43:09.739+0000 INFO  [o.n.k.i.DiagnosticsManager]:   neostore.propertystore.db.arrays.id: 2015-01-28T03:43:06-0600 - 9.00 B
2015-01-28 09:43:09.740+0000 INFO  [o.n.k.i.DiagnosticsManager]:   neostore.propertystore.db.id: 2015-01-28T03:43:06-0600 - 9.00 B
2015-01-28 09:43:09.740+0000 INFO  [o.n.k.i.DiagnosticsManager]:   neostore.propertystore.db.index: 2015-01-28T03:43:06-0600 - 0.00 B
2015-01-28 09:43:09.740+0000 INFO  [o.n.k.i.DiagnosticsManager]:   neostore.propertystore.db.index.id: 2015-01-28T03:43:06-0600 - 9.00 B
2015-01-28 09:43:09.741+0000 INFO  [o.n.k.i.DiagnosticsManager]:   neostore.propertystore.db.index.keys: 2015-01-28T03:43:06-0600 - 38.00 B
2015-01-28 09:43:09.741+0000 INFO  [o.n.k.i.DiagnosticsManager]:   neostore.propertystore.db.index.keys.id: 2015-01-28T03:43:06-0600 - 9.00 B
2015-01-28 09:43:09.741+0000 INFO  [o.n.k.i.DiagnosticsManager]:   neostore.propertystore.db.strings: 2015-01-28T03:43:06-0600 - 128.00 B
2015-01-28 09:43:09.741+0000 INFO  [o.n.k.i.DiagnosticsManager]:   neostore.propertystore.db.strings.id: 2015-01-28T03:43:06-0600 - 9.00 B
2015-01-28 09:43:09.742+0000 INFO  [o.n.k.i.DiagnosticsManager]:   neostore.relationshipstore.db: 2015-01-28T03:43:06-0600 - 0.00 B
2015-01-28 09:43:09.742+0000 INFO  [o.n.k.i.DiagnosticsManager]:   neostore.relationshipstore.db.id: 2015-01-28T03:43:06-0600 - 9.00 B
2015-01-28 09:43:09.742+0000 INFO  [o.n.k.i.DiagnosticsManager]:   neostore.relationshiptypestore.db: 2015-01-28T03:43:06-0600 - 0.00 B
2015-01-28 09:43:09.742+0000 INFO  [o.n.k.i.DiagnosticsManager]:   neostore.relationshiptypestore.db.id: 2015-01-28T03:43:06-0600 - 9.00 B
2015-01-28 09:43:09.743+0000 INFO  [o.n.k.i.DiagnosticsManager]:   neostore.relationshiptypestore.db.names: 2015-01-28T03:43:06-0600 - 38.00 B
2015-01-28 09:43:09.743+0000 INFO  [o.n.k.i.DiagnosticsManager]:   neostore.relationshiptypestore.db.names.id: 2015-01-28T03:43:06-0600 - 9.00 B
2015-01-28 09:43:09.743+0000 INFO  [o.n.k.i.DiagnosticsManager]:   neostore.schemastore.db: 2015-01-28T03:43:06-0600 - 64.00 B
2015-01-28 09:43:09.744+0000 INFO  [o.n.k.i.DiagnosticsManager]:   neostore.schemastore.db.id: 2015-01-28T03:43:06-0600 - 9.00 B
2015-01-28 09:43:09.744+0000 INFO  [o.n.k.i.DiagnosticsManager]:   nioneo_logical.log.1: 2015-01-28T03:43:08-0600 - 16.00 B
2015-01-28 09:43:09.744+0000 INFO  [o.n.k.i.DiagnosticsManager]:   nioneo_logical.log.active: 2015-01-28T03:43:08-0600 - 4.00 B
2015-01-28 09:43:09.744+0000 INFO  [o.n.k.i.DiagnosticsManager]:   schema:
2015-01-28 09:43:09.744+0000 INFO  [o.n.k.i.DiagnosticsManager]:     label:
2015-01-28 09:43:09.744+0000 INFO  [o.n.k.i.DiagnosticsManager]:       lucene:
2015-01-28 09:43:09.745+0000 INFO  [o.n.k.i.DiagnosticsManager]:         write.lock: 2015-01-28T03:43:07-0600 - 0.00 B
2015-01-28 09:43:09.745+0000 INFO  [o.n.k.i.DiagnosticsManager]:       - Total: 2015-01-28T03:43:07-0600 - 0.00 B
2015-01-28 09:43:09.745+0000 INFO  [o.n.k.i.DiagnosticsManager]:     - Total: 2015-01-28T03:43:07-0600 - 0.00 B
2015-01-28 09:43:09.746+0000 INFO  [o.n.k.i.DiagnosticsManager]:   - Total: 2015-01-28T03:43:06-0600 - 0.00 B
2015-01-28 09:43:09.746+0000 INFO  [o.n.k.i.DiagnosticsManager]:   store_lock: 2015-01-28T03:43:06-0600 - 0.00 B
2015-01-28 09:43:09.746+0000 INFO  [o.n.k.i.DiagnosticsManager]:   tm_tx_log.1: 2015-01-28T03:43:08-0600 - 0.00 B
2015-01-28 09:43:09.746+0000 INFO  [o.n.k.i.DiagnosticsManager]: --- STARTED diagnostics for KernelDiagnostics:StoreFiles END ---
2015-01-28 09:43:09.856+0000 INFO  [o.n.k.EmbeddedGraphDatabase]: GC Monitor started. 
2015-01-28 09:43:09.857+0000 INFO  [o.n.k.EmbeddedGraphDatabase]: Database is now ready
2015-01-28 09:43:09.857+0000 INFO  [o.n.s.d.CommunityDatabase]: Successfully started database
2015-01-28 09:43:09.867+0000 INFO  [o.n.k.i.DiagnosticsManager]: --- SERVER STARTED START ---
2015-01-28 09:43:11.754+0000 INFO  [o.n.s.CommunityNeoServer]: Starting HTTP on port :7474 with 40 threads available
2015-01-28 09:43:12.445+0000 INFO  [o.n.s.CommunityNeoServer]: Enabling HTTPS on port :7473
2015-01-28 09:43:12.446+0000 INFO  [o.n.s.CommunityNeoServer]: No SSL certificate found, generating a self-signed certificate..
2015-01-28 09:43:13.429+0000 INFO  [o.n.k.i.DiagnosticsManager]: --- STARTED diagnostics for org.neo4j.server.configuration.Configurator START ---
2015-01-28 09:43:13.479+0000 INFO  [o.n.k.i.DiagnosticsManager]: Server configuration:
2015-01-28 09:43:13.479+0000 INFO  [o.n.k.i.DiagnosticsManager]: org.neo4j.server.database.location = data/graph.db
2015-01-28 09:43:13.479+0000 INFO  [o.n.k.i.DiagnosticsManager]: org.neo4j.server.webserver.port = 7474
2015-01-28 09:43:13.479+0000 INFO  [o.n.k.i.DiagnosticsManager]: org.neo4j.server.webserver.https.enabled = true
2015-01-28 09:43:13.479+0000 INFO  [o.n.k.i.DiagnosticsManager]: org.neo4j.server.webserver.https.port = 7473
2015-01-28 09:43:13.479+0000 INFO  [o.n.k.i.DiagnosticsManager]: org.neo4j.server.webserver.https.cert.location = conf/ssl/snakeoil.cert
2015-01-28 09:43:13.480+0000 INFO  [o.n.k.i.DiagnosticsManager]: org.neo4j.server.webserver.https.key.location = conf/ssl/snakeoil.key
2015-01-28 09:43:13.480+0000 INFO  [o.n.k.i.DiagnosticsManager]: org.neo4j.server.webserver.https.keystore.location = data/keystore
2015-01-28 09:43:13.480+0000 INFO  [o.n.k.i.DiagnosticsManager]: org.neo4j.server.webadmin.rrdb.location = data/rrd
2015-01-28 09:43:13.480+0000 INFO  [o.n.k.i.DiagnosticsManager]: org.neo4j.server.db.tuning.properties = conf/neo4j.properties
2015-01-28 09:43:13.480+0000 INFO  [o.n.k.i.DiagnosticsManager]: org.neo4j.server.manage.console_engines = shell
2015-01-28 09:43:13.480+0000 INFO  [o.n.k.i.DiagnosticsManager]: org.neo4j.server.http.log.enabled = false
2015-01-28 09:43:13.480+0000 INFO  [o.n.k.i.DiagnosticsManager]: org.neo4j.server.http.log.config = conf/neo4j-http-logging.xml
2015-01-28 09:43:13.480+0000 INFO  [o.n.k.i.DiagnosticsManager]: org.neo4j.server.webadmin.management.uri = /db/manage/
2015-01-28 09:43:13.480+0000 INFO  [o.n.k.i.DiagnosticsManager]: org.neo4j.server.webadmin.data.uri = /db/data/
2015-01-28 09:43:13.480+0000 INFO  [o.n.k.i.DiagnosticsManager]: --- STARTED diagnostics for org.neo4j.server.configuration.Configurator END ---
2015-01-28 09:43:13.576+0000 INFO  [o.n.s.m.DiscoveryModule]: Mounted discovery module at [/]
2015-01-28 09:43:13.635+0000 INFO  [o.n.s.m.RESTApiModule]: Mounted REST API at [/db/data/]
2015-01-28 09:43:13.656+0000 INFO  [o.n.s.m.ManagementApiModule]: Mounted management API at [/db/manage/]
2015-01-28 09:43:13.656+0000 INFO  [o.n.s.m.WebAdminModule]: Mounted webadmin at [/webadmin]
2015-01-28 09:43:13.656+0000 INFO  [o.n.s.m.Neo4jBrowserModule]: Mounted Neo4j Browser at [/browser]
2015-01-28 09:43:14.057+0000 INFO  [o.n.s.w.Jetty9WebServer]: Mounting static content at [/webadmin] from [webadmin-html]
2015-01-28 09:43:14.210+0000 INFO  [o.n.s.w.Jetty9WebServer]: Mounting static content at [/browser] from [browser]
2015-01-28 09:43:18.884+0000 INFO  [o.n.s.CommunityNeoServer]: Remote interface ready and available at [http://localhost:7474/]
2015-01-28 09:43:18.884+0000 INFO  [o.n.k.i.DiagnosticsManager]: --- SERVER STARTED END ---
